============================= test session starts =============================
platform win32 -- Python 3.13.11, pytest-9.0.2, pluggy-1.6.0 -- C:\Users\tmtmp\AppData\Local\Programs\Python\Python313\python.exe
cachedir: .pytest_cache
rootdir: C:\Users\tmtmp\Documents\pokemon\jpoke
configfile: pyproject.toml
collecting ... collected 1 item

tests/test_item.py::test_だっしゅつボタン Turn 0
		['ピカチュウ 着地'] []
		['ピカチュウ 着地'] []

DEBUG get_available_switch_commands:
  active=ピカチュウ, active_idx=0
  selection_idxes=[0, 1]
  team=[0:ピカチュウ, 1:ライチュウ]
  available commands: [<Command.SWITCH_1: 16>]

DEBUG get_available_switch_commands:
  active=ピカチュウ, active_idx=0
  selection_idxes=[0]
  team=[0:ピカチュウ]
  available commands: []

DEBUG run_interrupt_switch (flag=Interrupt.EJECTBUTTON):
  reserved_commands before: [<Command.MOVE_0: 25>]
  reserved_commands after: [<Command.MOVE_0: 25>]
  selected command: MOVE_0, idx=0
  switching to: ピカチュウ

DEBUG get_available_switch_commands:
  active=ピカチュウ, active_idx=0
  selection_idxes=[0, 1]
  team=[0:ピカチュウ, 1:ライチュウ]
  available commands: [<Command.SWITCH_1: 16>]
Turn 1
		['HP -23 >> 87', 'だっしゅつボタン', 'だっしゅつボタン消費', 'ピカチュウ 交代', 'ピカチュウ 着地', 'ピカチュウ', 'PP -1', 'はねる'] []
		['ピカチュウ', 'PP -1', 'たいあたり'] []
FAILED

================================== FAILURES ===================================
E   assert 0 != 0
     +  where 0 = <test_utils.CustomPlayer object at 0x000001CF3D22BB60>.active_idx
C:\Users\tmtmp\Documents\pokemon\jpoke\tests\test_item.py:75: assert 0 != 0
=========================== short test summary info ===========================
FAILED tests/test_item.py::test_だっしゅつボタン - assert 0 != 0
============================== 1 failed in 0.29s ==============================

